01-54-44 AM:DEBUG [Persona.py:62] 
            Id Persona: 1,
            Nombre: Juan,
            Apellido: Perez,
            Email: jperez@gmail.com,
        
01-56-22 AM:DEBUG [Persona.py:62] 
            Id Persona: 1,
            Nombre: Juan,
            Apellido: Perez,
            Email: jperez@gmail.com,
        
01-56-36 AM:DEBUG [Persona.py:62] 
            Id Persona: 1,
            Nombre: Juan,
            Apellido: Perez,
            Email: jperez@gmail.com,
        
01-56-36 AM:DEBUG [Persona.py:64] 
            Id Persona: 2,
            Nombre: Jose,
            Apellido: Lepez,
            Email: jlepez@gmail.com,
        
01-58-07 AM:DEBUG [Persona.py:62] 
            Id Persona: 1,
            Nombre: Juan,
            Apellido: Perez,
            Email: jperez@gmail.com,
        
01-58-07 AM:DEBUG [Persona.py:64] 
            Id Persona: None,
            Nombre: Jose,
            Apellido: Lepez,
            Email: jlepez@gmail.com,
        
01-59-42 AM:DEBUG [Persona.py:62] 
            Id Persona: 1,
            Nombre: Juan,
            Apellido: Perez,
            Email: jperez@gmail.com,
        
01-59-42 AM:DEBUG [Persona.py:64] 
            Id Persona: None,
            Nombre: Jose,
            Apellido: Lepez,
            Email: jlepez@gmail.com,
        
01-59-42 AM:DEBUG [Persona.py:66] 
            Id Persona: 1,
            Nombre: None,
            Apellido: None,
            Email: None,
        
12-02-36 AM:DEBUG [Persona.py:62] 
            Id Persona: 1,
            Nombre: Juan,
            Apellido: Perez,
            Email: jperez@gmail.com,
        
12-02-36 AM:DEBUG [Persona.py:64] 
            Id Persona: None,
            Nombre: Jose,
            Apellido: Lepez,
            Email: jlepez@gmail.com,
        
12-02-36 AM:DEBUG [Persona.py:66] 
            Id Persona: 1,
            Nombre: None,
            Apellido: None,
            Email: None,
        
06-13-25 PM:DEBUG [Persona.py:62] 
            Id Persona: 1,
            Nombre: Juan,
            Apellido: Perez,
            Email: jperez@gmail.com,
        
06-13-25 PM:DEBUG [Persona.py:64] 
            Id Persona: None,
            Nombre: Jose,
            Apellido: Lepez,
            Email: jlepez@gmail.com,
        
06-13-25 PM:DEBUG [Persona.py:66] 
            Id Persona: 1,
            Nombre: None,
            Apellido: None,
            Email: None,
        
06-16-32 PM:DEBUG [logger_base.py:14] Mensaje a nivel debug
06-16-32 PM:INFO [logger_base.py:15] Mensaje a nivel info
06-16-32 PM:WARNING [logger_base.py:16] Mensaje a nivel warning
06-16-32 PM:ERROR [logger_base.py:17] Mensaje a nivel error
06-16-32 PM:CRITICAL [logger_base.py:18] Mensaje a nivel critical
06-17-03 PM:DEBUG [Persona.py:62] 
            Id Persona: 1,
            Nombre: Juan,
            Apellido: Perez,
            Email: jperez@gmail.com,
        
06-17-03 PM:DEBUG [Persona.py:64] 
            Id Persona: None,
            Nombre: Jose,
            Apellido: Lepez,
            Email: jlepez@gmail.com,
        
06-17-03 PM:DEBUG [Persona.py:66] 
            Id Persona: 1,
            Nombre: None,
            Apellido: None,
            Email: None,
        
06-21-47 PM:DEBUG [conexion.py:23] Conexion exitosa:<connection object at 0x7fdb55faa0c0; dsn: 'user=carla password=xxx dbname=test_bd host=localhost port=5432', closed: 0>
07-34-42 PM:DEBUG [conexion.py:23] Conexion exitosa:<connection object at 0x7fbf1b4f6980; dsn: 'user=carla password=xxx dbname=test_bd host=localhost port=5432', closed: 0>
07-35-23 PM:DEBUG [conexion.py:23] Conexion exitosa:<connection object at 0x7fbe225aa0c0; dsn: 'user=carla password=xxx dbname=test_bd host=localhost port=5432', closed: 0>
07-35-23 PM:DEBUG [conexion.py:36] Se abrio correctamente el cursor: <cursor object at 0x7fbe225816c0; closed: 0>
07-35-34 PM:DEBUG [conexion.py:23] Conexion exitosa:<connection object at 0x7fe0ca32e980; dsn: 'user=carla password=xxx dbname=test_bd host=localhost port=5432', closed: 0>
07-38-07 PM:DEBUG [conexion.py:23] Conexion exitosa:<connection object at 0x7f96d0b12980; dsn: 'user=carla password=xxx dbname=test_bd host=localhost port=5432', closed: 0>
07-38-07 PM:DEBUG [conexion.py:36] Se abrio correctamente el cursor: <cursor object at 0x7f96cf760a90; closed: 0>
07-38-07 PM:DEBUG [persona_dao.py:40] 
            Id Persona: 2,
            Nombre: Carla,
            Apellido: faes,
            Email: cfaes@gmail.com,
        
07-38-07 PM:DEBUG [persona_dao.py:40] 
            Id Persona: 3,
            Nombre: Ivonne,
            Apellido: lara,
            Email: slara@gmail.com,
        
07-38-07 PM:DEBUG [persona_dao.py:40] 
            Id Persona: 4,
            Nombre: Carlos,
            Apellido: Lara,
            Email: clara@mail.com,
        
07-38-07 PM:DEBUG [persona_dao.py:40] 
            Id Persona: 5,
            Nombre: Marcos,
            Apellido: Canto,
            Email: mcanto@mail.com,
        
07-38-07 PM:DEBUG [persona_dao.py:40] 
            Id Persona: 6,
            Nombre: Marcelo,
            Apellido: Cuenca,
            Email: cuencam@mail.com,
        
07-38-07 PM:DEBUG [persona_dao.py:40] 
            Id Persona: 8,
            Nombre: Jorge,
            Apellido: Prol,
            Email: jprol@mail.com,
        
07-38-07 PM:DEBUG [persona_dao.py:40] 
            Id Persona: 9,
            Nombre: Alex,
            Apellido: Rojas,
            Email: arojas@mail.com,
        
07-38-07 PM:DEBUG [persona_dao.py:40] 
            Id Persona: 10,
            Nombre: maria,
            Apellido: Esparza,
            Email: mesparza@mail.com,
        
07-47-09 PM:DEBUG [conexion.py:23] Conexion exitosa:<connection object at 0x7f8087f56980; dsn: 'user=carla password=xxx dbname=test_bd host=localhost port=5432', closed: 0>
07-48-58 PM:DEBUG [conexion.py:23] Conexion exitosa:<connection object at 0x7f4780966980; dsn: 'user=carla password=xxx dbname=test_bd host=localhost port=5432', closed: 0>
07-51-27 PM:DEBUG [conexion.py:23] Conexion exitosa:<connection object at 0x7f305a5aa980; dsn: 'user=carla password=xxx dbname=test_bd host=localhost port=5432', closed: 0>
07-52-22 PM:DEBUG [conexion.py:23] Conexion exitosa:<connection object at 0x7f19d82e6980; dsn: 'user=carla password=xxx dbname=test_bd host=localhost port=5432', closed: 0>
07-52-22 PM:DEBUG [conexion.py:36] Se abrio correctamente el cursor: <cursor object at 0x7f19d6ed0a90; closed: 0>
07-52-22 PM:DEBUG [persona_dao.py:41] Persona Insertada : 
            Id Persona: None,
            Nombre: Pedro,
            Apellido: Romero,
            Email: promero@mail.com,
        
07-52-22 PM:DEBUG [persona_dao.py:73] Personas insertadas: 1
07-53-49 PM:DEBUG [conexion.py:23] Conexion exitosa:<connection object at 0x7fd4ce516980; dsn: 'user=carla password=xxx dbname=test_bd host=localhost port=5432', closed: 0>
07-53-49 PM:DEBUG [conexion.py:36] Se abrio correctamente el cursor: <cursor object at 0x7fd4cd0f8a90; closed: 0>
07-53-49 PM:DEBUG [persona_dao.py:41] Persona Insertada : 
            Id Persona: None,
            Nombre: Homero,
            Apellido: Ramos,
            Email: hramos@mail.com,
        
07-53-49 PM:DEBUG [persona_dao.py:73] Personas insertadas: 1
08-04-29 PM:DEBUG [conexion.py:23] Conexion exitosa:<connection object at 0x7f1db5556980; dsn: 'user=carla password=xxx dbname=test_bd host=localhost port=5432', closed: 0>
08-04-29 PM:DEBUG [conexion.py:36] Se abrio correctamente el cursor: <cursor object at 0x7f1db4378a90; closed: 0>
08-04-29 PM:DEBUG [persona_dao.py:50] Persona actualizada : 
            Id Persona: 1,
            Nombre: Juan Jose,
            Apellido: Pena,
            Email: jjpena@mail.com,
        
08-04-29 PM:DEBUG [persona_dao.py:84] Personas actualizadas : 0
08-09-48 PM:DEBUG [conexion.py:23] Conexion exitosa:<connection object at 0x7f17476de980; dsn: 'user=carla password=xxx dbname=test_bd host=localhost port=5432', closed: 0>
08-09-48 PM:DEBUG [conexion.py:36] Se abrio correctamente el cursor: <cursor object at 0x7f17462c0a90; closed: 0>
08-09-48 PM:DEBUG [persona_dao.py:59] Los objetos eliminados  son: 
            Id Persona: 8,
            Nombre: None,
            Apellido: None,
            Email: None,
        
08-09-48 PM:DEBUG [persona_dao.py:79] Personas eliminadas: 1
08-10-05 PM:DEBUG [conexion.py:23] Conexion exitosa:<connection object at 0x7f9f84d22980; dsn: 'user=carla password=xxx dbname=test_bd host=localhost port=5432', closed: 0>
08-10-05 PM:DEBUG [conexion.py:36] Se abrio correctamente el cursor: <cursor object at 0x7f9f83908a90; closed: 0>
08-10-05 PM:DEBUG [persona_dao.py:59] Los objetos eliminados  son: 
            Id Persona: 2,
            Nombre: None,
            Apellido: None,
            Email: None,
        
08-10-05 PM:DEBUG [persona_dao.py:79] Personas eliminadas: 1
08-13-12 PM:DEBUG [conexion.py:23] Conexion exitosa:<connection object at 0x7f639c3aa980; dsn: 'user=carla password=xxx dbname=test_bd host=localhost port=5432', closed: 0>
08-13-12 PM:DEBUG [conexion.py:36] Se abrio correctamente el cursor: <cursor object at 0x7f639b2a8a90; closed: 0>
08-13-12 PM:DEBUG [persona_dao.py:67] 
            Id Persona: 3,
            Nombre: Ivonne,
            Apellido: lara,
            Email: slara@gmail.com,
        
08-13-12 PM:DEBUG [persona_dao.py:67] 
            Id Persona: 4,
            Nombre: Carlos,
            Apellido: Lara,
            Email: clara@mail.com,
        
08-13-12 PM:DEBUG [persona_dao.py:67] 
            Id Persona: 5,
            Nombre: Marcos,
            Apellido: Canto,
            Email: mcanto@mail.com,
        
08-13-12 PM:DEBUG [persona_dao.py:67] 
            Id Persona: 6,
            Nombre: Marcelo,
            Apellido: Cuenca,
            Email: cuencam@mail.com,
        
08-13-12 PM:DEBUG [persona_dao.py:67] 
            Id Persona: 9,
            Nombre: Alex,
            Apellido: Rojas,
            Email: arojas@mail.com,
        
08-13-12 PM:DEBUG [persona_dao.py:67] 
            Id Persona: 10,
            Nombre: maria,
            Apellido: Esparza,
            Email: mesparza@mail.com,
        
08-13-12 PM:DEBUG [persona_dao.py:67] 
            Id Persona: 11,
            Nombre: Pedro,
            Apellido: Romero,
            Email: promero@mail.com,
        
08-13-12 PM:DEBUG [persona_dao.py:67] 
            Id Persona: 12,
            Nombre: Homero,
            Apellido: Ramos,
            Email: hramos@mail.com,
        
08-57-15 PM:DEBUG [conexion.py:64] Creacion del pool exitosa: <psycopg2.pool.SimpleConnectionPool object at 0x7fc75b4d6c20>
08-58-46 PM:DEBUG [conexion.py:64] Creacion del pool exitosa: <psycopg2.pool.SimpleConnectionPool object at 0x7ff26a61ecb0>
08-58-46 PM:DEBUG [conexion.py:35] Conexion obtenida del pool:<connection object at 0x7ff26b7aa0c0; dsn: 'user=carla password=xxx dbname=test_bd host=localhost port=5432', closed: 0>
08-58-46 PM:DEBUG [conexion.py:35] Conexion obtenida del pool:<connection object at 0x7ff26b7aa200; dsn: 'user=carla password=xxx dbname=test_bd host=localhost port=5432', closed: 0>
